#
# There is insufficient memory for the Java Runtime Environment to continue.
# Native memory allocation (mmap) failed to map 134217728 bytes for G1 virtual space
# Possible reasons:
#   The system is out of physical RAM or swap space
#   The process is running with CompressedOops enabled, and the Java Heap may be blocking the growth of the native heap
# Possible solutions:
#   Reduce memory load on the system
#   Increase physical memory or swap space
#   Check if swap backing store is full
#   Decrease Java heap size (-Xmx/-Xms)
#   Decrease number of Java threads
#   Decrease Java thread stack sizes (-Xss)
#   Set larger code cache with -XX:ReservedCodeCacheSize=
#   JVM is running with Unscaled Compressed Oops mode in which the Java heap is
#     placed in the first 4GB address space. The Java Heap base address is the
#     maximum limit for the native heap growth. Please use -XX:HeapBaseMinAddress
#     to set the Java Heap base and to place the Java Heap above 4GB virtual address.
# This output file may be truncated or incomplete.
#
#  Out of Memory Error (os_windows.cpp:3541), pid=5892, tid=12116
#
# JRE version:  (17.0.4+8) (build )
# Java VM: OpenJDK 64-Bit Server VM (17.0.4+8-LTS, mixed mode, sharing, tiered, compressed oops, compressed class ptrs, g1 gc, windows-amd64)
# No core dump will be written. Minidumps are not enabled by default on client versions of Windows
#

---------------  S U M M A R Y ------------

Command Line: -javaagent:C:\Program Files\JetBrains\IntelliJ IDEA 2021.1.3\lib\idea_rt.jar=60190:C:\Program Files\JetBrains\IntelliJ IDEA 2021.1.3\bin -Dfile.encoding=UTF-8 com.FoodOrdering.OrderUp.googleMapService.DistanceCalculator

Host: Intel(R) Core(TM) i7-8550U CPU @ 1.80GHz, 8 cores, 7G,  Windows 11 , 64 bit Build 22000 (10.0.22000.1516)
Time: Fri Mar  3 15:46:55 2023 SE Asia Standard Time elapsed time: 0.035315 seconds (0d 0h 0m 0s)

---------------  T H R E A D  ---------------

Current thread (0x00000266a15368f0):  JavaThread "Unknown thread" [_thread_in_vm, id=12116, stack(0x000000eb3f200000,0x000000eb3f300000)]

Stack: [0x000000eb3f200000,0x000000eb3f300000]
Native frames: (J=compiled Java code, j=interpreted, Vv=VM code, C=native code)
V  [jvm.dll+0x64723a]
V  [jvm.dll+0x7f8894]
V  [jvm.dll+0x7fa04e]
V  [jvm.dll+0x7fa6a3]
V  [jvm.dll+0x234d38]
V  [jvm.dll+0x64417a]
V  [jvm.dll+0x638aa2]
V  [jvm.dll+0x2f2f69]
V  [jvm.dll+0x2fa146]
V  [jvm.dll+0x345e7a]
V  [jvm.dll+0x3460bf]
V  [jvm.dll+0x2c9408]
V  [jvm.dll+0x2ca399]
V  [jvm.dll+0x7cbea1]
V  [jvm.dll+0x353361]
V  [jvm.dll+0x7ac1ae]
V  [jvm.dll+0x3cec13]
V  [jvm.dll+0x3d0651]
C  [jli.dll+0x51af]
C  [ucrtbase.dll+0x26c0c]
C  [KERNEL32.DLL+0x155a0]
C  [ntdll.dll+0x485b]


---------------  P R O C E S S  ---------------

Threads class SMR info:
_java_thread_list=0x00007fff7d386718, length=0, elements={
}

Java Threads: ( => current thread )

Other Threads:
  0x00000266a15914e0 GCTaskThread "GC Thread#0" [stack: 0x000000eb3f300000,0x000000eb3f400000] [id=3744]
  0x00000266a15a21d0 ConcurrentGCThread "G1 Main Marker" [stack: 0x000000eb3f400000,0x000000eb3f500000] [id=5256]
  0x00000266a15a2af0 ConcurrentGCThread "G1 Conc#0" [stack: 0x000000eb3f500000,0x000000eb3f600000] [id=20816]

[error occurred during error reporting (printing all threads), id 0xc0000005, EXCEPTION_ACCESS_VIOLATION (0xc0000005) at pc=0x00007fff7cb7a5f7]

VM state: not at safepoint (not fully initialized)

VM Mutex/Monitor currently owned by a thread:  ([mutex/lock_event])
[0x00000266a15322e0] Heap_lock - owner thread: 0x00000266a15368f0

Heap address: 0x0000000081600000, size: 2026 MB, Compressed Oops mode: 32-bit

CDS archive(s) mapped at: [0x0000000000000000-0x0000000000000000-0x0000000000000000), size 0, SharedBaseAddress: 0x0000000800000000, ArchiveRelocationMode: 0.
Narrow klass base: 0x0000000000000000, Narrow klass shift: 0, Narrow klass range: 0x0

GC Precious Log:
<Empty>

Heap:
 garbage-first heap   total 0K, used 0K [0x0000000081600000, 0x0000000100000000)
  region size 1024K, 0 young (0K), 0 survivors (0K)

[error occurred during error reporting (printing heap information), id 0xc0000005, EXCEPTION_ACCESS_VIOLATION (0xc0000005) at pc=0x00007fff7cf3ed59]

GC Heap History (0 events):
No events

Deoptimization events (0 events):
No events

Classes unloaded (0 events):
No events

Classes redefined (0 events):
No events

Internal exceptions (0 events):
No events

VM Operations (0 events):
No events

Events (1 events):
Event: 0.021 Loaded shared library C:\Users\tien dat\.jdks\corretto-17.0.4\bin\java.dll


Dynamic libraries:
0x00007ff7a9100000 - 0x00007ff7a910d000 	C:\Users\tien dat\.jdks\corretto-17.0.4\bin\java.exe
0x00007fffe0700000 - 0x00007fffe0909000 	C:\WINDOWS\SYSTEM32\ntdll.dll
0x00007fffdee30000 - 0x00007fffdeeee000 	C:\WINDOWS\System32\KERNEL32.DLL
0x00007fffde180000 - 0x00007fffde4fc000 	C:\WINDOWS\System32\KERNELBASE.dll
0x00007fffddda0000 - 0x00007fffddeb1000 	C:\WINDOWS\System32\ucrtbase.dll
0x00007fffcc670000 - 0x00007fffcc688000 	C:\Users\tien dat\.jdks\corretto-17.0.4\bin\jli.dll
0x00007fffdfa30000 - 0x00007fffdfbdd000 	C:\WINDOWS\System32\USER32.dll
0x00007fffcc7b0000 - 0x00007fffcc7c5000 	C:\Users\tien dat\.jdks\corretto-17.0.4\bin\VCRUNTIME140.dll
0x00007fffddfe0000 - 0x00007fffde006000 	C:\WINDOWS\System32\win32u.dll
0x00007fffde6e0000 - 0x00007fffde709000 	C:\WINDOWS\System32\GDI32.dll
0x00007fffbe790000 - 0x00007fffbea35000 	C:\WINDOWS\WinSxS\amd64_microsoft.windows.common-controls_6595b64144ccf1df_6.0.22000.120_none_9d947278b86cc467\COMCTL32.dll
0x00007fffddec0000 - 0x00007fffddfd8000 	C:\WINDOWS\System32\gdi32full.dll
0x00007fffddc40000 - 0x00007fffddcdd000 	C:\WINDOWS\System32\msvcp_win.dll
0x00007fffdf570000 - 0x00007fffdf613000 	C:\WINDOWS\System32\msvcrt.dll
0x00007fffdf880000 - 0x00007fffdf8b2000 	C:\WINDOWS\System32\IMM32.DLL
0x00007fffcbca0000 - 0x00007fffcbd3b000 	C:\Users\tien dat\.jdks\corretto-17.0.4\bin\msvcp140.dll
0x00007fff7c8a0000 - 0x00007fff7d4b4000 	C:\Users\tien dat\.jdks\corretto-17.0.4\bin\server\jvm.dll
0x00007fffde630000 - 0x00007fffde6de000 	C:\WINDOWS\System32\ADVAPI32.dll
0x00007fffe0600000 - 0x00007fffe069e000 	C:\WINDOWS\System32\sechost.dll
0x00007fffde890000 - 0x00007fffde9b0000 	C:\WINDOWS\System32\RPCRT4.dll
0x00007fffdf8d0000 - 0x00007fffdf8d8000 	C:\WINDOWS\System32\PSAPI.DLL
0x00007fffc8070000 - 0x00007fffc8079000 	C:\WINDOWS\SYSTEM32\WSOCK32.dll
0x00007fffdeef0000 - 0x00007fffdef5f000 	C:\WINDOWS\System32\WS2_32.dll
0x00007fffd83c0000 - 0x00007fffd83f3000 	C:\WINDOWS\SYSTEM32\WINMM.dll
0x00007fffd3da0000 - 0x00007fffd3daa000 	C:\WINDOWS\SYSTEM32\VERSION.dll
0x00007fffdcc10000 - 0x00007fffdcc28000 	C:\WINDOWS\SYSTEM32\kernel.appcore.dll
0x00007fffdabf0000 - 0x00007fffdabfa000 	C:\Users\tien dat\.jdks\corretto-17.0.4\bin\jimage.dll
0x00007fffdb620000 - 0x00007fffdb841000 	C:\WINDOWS\SYSTEM32\DBGHELP.DLL
0x00007fffccb90000 - 0x00007fffccbc1000 	C:\WINDOWS\SYSTEM32\dbgcore.DLL
0x00007fffde500000 - 0x00007fffde57f000 	C:\WINDOWS\System32\bcryptPrimitives.dll
0x00007fffd8ce0000 - 0x00007fffd8cee000 	C:\Users\tien dat\.jdks\corretto-17.0.4\bin\instrument.dll
0x00007fffcc350000 - 0x00007fffcc375000 	C:\Users\tien dat\.jdks\corretto-17.0.4\bin\java.dll

dbghelp: loaded successfully - version: 4.0.5 - missing functions: none
symbol engine: initialized successfully - sym options: 0x614 - pdb path: .;C:\Users\tien dat\.jdks\corretto-17.0.4\bin;C:\WINDOWS\SYSTEM32;C:\WINDOWS\WinSxS\amd64_microsoft.windows.common-controls_6595b64144ccf1df_6.0.22000.120_none_9d947278b86cc467;C:\Users\tien dat\.jdks\corretto-17.0.4\bin\server

VM Arguments:
jvm_args: -javaagent:C:\Program Files\JetBrains\IntelliJ IDEA 2021.1.3\lib\idea_rt.jar=60190:C:\Program Files\JetBrains\IntelliJ IDEA 2021.1.3\bin -Dfile.encoding=UTF-8 
java_command: com.FoodOrdering.OrderUp.googleMapService.DistanceCalculator
java_class_path (initial): D:\do_an_resources\OrderUp\target\classes;C:\Users\tien dat\.m2\repository\org\springframework\boot\spring-boot-starter-web\3.0.2\spring-boot-starter-web-3.0.2.jar;C:\Users\tien dat\.m2\repository\org\springframework\boot\spring-boot-starter\3.0.2\spring-boot-starter-3.0.2.jar;C:\Users\tien dat\.m2\repository\org\springframework\boot\spring-boot\3.0.2\spring-boot-3.0.2.jar;C:\Users\tien dat\.m2\repository\org\springframework\boot\spring-boot-autoconfigure\3.0.2\spring-boot-autoconfigure-3.0.2.jar;C:\Users\tien dat\.m2\repository\org\springframework\boot\spring-boot-starter-logging\3.0.2\spring-boot-starter-logging-3.0.2.jar;C:\Users\tien dat\.m2\repository\ch\qos\logback\logback-classic\1.4.5\logback-classic-1.4.5.jar;C:\Users\tien dat\.m2\repository\ch\qos\logback\logback-core\1.4.5\logback-core-1.4.5.jar;C:\Users\tien dat\.m2\repository\org\apache\logging\log4j\log4j-to-slf4j\2.19.0\log4j-to-slf4j-2.19.0.jar;C:\Users\tien dat\.m2\repository\org\apache\logging\log4j\log4j-api\2.19.0\log4j-api-2.19.0.jar;C:\Users\tien dat\.m2\repository\org\slf4j\jul-to-slf4j\2.0.6\jul-to-slf4j-2.0.6.jar;C:\Users\tien dat\.m2\repository\jakarta\annotation\jakarta.annotation-api\2.1.1\jakarta.annotation-api-2.1.1.jar;C:\Users\tien dat\.m2\repository\org\yaml\snakeyaml\1.33\snakeyaml-1.33.jar;C:\Users\tien dat\.m2\repository\org\springframework\boot\spring-boot-starter-json\3.0.2\spring-boot-starter-json-3.0.2.jar;C:\Users\tien dat\.m2\repository\com\fasterxml\jackson\datatype\jackson-datatype-jdk8\2.14.1\jackson-datatype-jdk8-2.14.1.jar;C:\Users\tien dat\.m2\repository\com\fasterxml\jackson\datatype\jackson-datatype-jsr310\2.14.1\jackson-datatype-jsr310-2.14.1.jar;C:\Users\tien dat\.m2\repository\com\fasterxml\jackson\module\jackson-module-parameter-names\2.14.1\jackson-module-parameter-names-2.14.1.jar;C:\Users\tien dat\.m2\repository\org\springframework\boot\spring-boot-starter-tomcat\3.0.2\spring-boot-starter-tomcat-3.0.2.jar;C:\Users\tien dat\.m2\repo
Launcher Type: SUN_STANDARD

[Global flags]
     intx CICompilerCount                          = 4                                         {product} {ergonomic}
     uint ConcGCThreads                            = 2                                         {product} {ergonomic}
     uint G1ConcRefinementThreads                  = 8                                         {product} {ergonomic}
   size_t G1HeapRegionSize                         = 1048576                                   {product} {ergonomic}
    uintx GCDrainStackTargetSize                   = 64                                        {product} {ergonomic}
   size_t InitialHeapSize                          = 134217728                                 {product} {ergonomic}
   size_t MarkStackSize                            = 4194304                                   {product} {ergonomic}
   size_t MaxHeapSize                              = 2124414976                                {product} {ergonomic}
   size_t MinHeapDeltaBytes                        = 1048576                                   {product} {ergonomic}
   size_t MinHeapSize                              = 8388608                                   {product} {ergonomic}
    uintx NonNMethodCodeHeapSize                   = 5839372                                {pd product} {ergonomic}
    uintx NonProfiledCodeHeapSize                  = 122909434                              {pd product} {ergonomic}
    uintx ProfiledCodeHeapSize                     = 122909434                              {pd product} {ergonomic}
    uintx ReservedCodeCacheSize                    = 251658240                              {pd product} {ergonomic}
     bool SegmentedCodeCache                       = true                                      {product} {ergonomic}
   size_t SoftMaxHeapSize                          = 2124414976                             {manageable} {ergonomic}
     bool UseCompressedClassPointers               = true                           {product lp64_product} {ergonomic}
     bool UseCompressedOops                        = true                           {product lp64_product} {ergonomic}
     bool UseG1GC                                  = true                                      {product} {ergonomic}
     bool UseLargePagesIndividualAllocation        = false                                  {pd product} {ergonomic}

Logging:
Log output configuration:
 #0: stdout all=warning uptime,level,tags
 #1: stderr all=off uptime,level,tags

Environment Variables:
JAVA_HOME=C:\Program Files\Java\jdk-11.0.16.1
PATH=C:\Program Files\Common Files\Oracle\Java\javapath;D:\u01\app\oracle\product\21c\db_home\bin;C:\Program Files (x86)\Common Files\Intel\Shared Libraries\redist\intel64\compiler;C:\Python310\Scripts\;C:\Python310\;C:\Program Files (x86)\Common Files\Oracle\Java\javapath;C:\WINDOWS\system32;C:\WINDOWS;C:\WINDOWS\System32\Wbem;C:\WINDOWS\System32\WindowsPowerShell\v1.0\;C:\WINDOWS\System32\OpenSSH\;C:\Program Files (x86)\Common Files\Acronis\SnapAPI\;C:\Program Files\dotnet\;C:\TDM-GCC-64\x86_64-w64-mingw32\include;C:\Program Files\Microsoft SQL Server\Client SDK\ODBC\170\Tools\Binn\;C:\Program Files (x86)\Microsoft SQL Server\150\Tools\Binn\;C:\Program Files\Microsoft SQL Server\150\Tools\Binn\;C:\Program Files\Microsoft SQL Server\150\DTS\Binn\;C:\Program Files (x86)\Microsoft SQL Server\150\DTS\Binn\;C:\Program Files\Azure Data Studio\bin;C:\Program Files\Microsoft SQL Server\130\Tools\Binn\;C:\WINDOWS\system32;C:\WINDOWS;C:\WINDOWS\System32\Wbem;C:\WINDOWS\System32\WindowsPowerShell\v1.0\;C:\WINDOWS\System32\OpenSSH\;C:\Program Files\Git\cmd;C:\Program Files\nodejs\;C:\ProgramData\chocolatey\bin;C:\Program Files\Docker\Docker\resources\bin;C:\Program Files\Java\jdk-11.0.16.1\bin;C:\Program Files\MongoDB\Server\6.0\bin\;C:\Program Files\MongoDB\Tools\100\bin\;C:\Program Files\JetBrains\IntelliJ IDEA 2021.1.3\plugins\maven\lib\maven3\bin;C:\Users\tien dat\AppData\Local\Programs\Python\Python38\Scripts\;C:\Users\tien dat\AppData\Local\Programs\Python\Python38\;C:\Users\tien dat\AppData\Local\Microsoft\WindowsApps;C:\Users\tien dat\AppData\Local\Programs\Microsoft VS Code\bin;C:\TDM-GCC-64\bin;C:\Users\tien dat\AppData\Local\GitHubDesktop\bin;C:\Program Files\Azure Data Studio\bin;C:\Users\tien dat\AppData\Local\Microsoft\WindowsApps;C:\Users\tien dat\.dotnet\tools;C:\Users\tien dat\AppData\Roaming\npm;C:\Program Files\MongoDB\Server\6.0\bin\;C:\Program Files\JetBrains\IntelliJ IDEA 2021.1.3\bin;;%M2_HOME%\bin;
USERNAME=dat do
OS=Windows_NT
PROCESSOR_IDENTIFIER=Intel64 Family 6 Model 142 Stepping 10, GenuineIntel
TMP=C:\Users\TIENDA~1\AppData\Local\Temp
TEMP=C:\Users\TIENDA~1\AppData\Local\Temp



---------------  S Y S T E M  ---------------

OS:
 Windows 11 , 64 bit Build 22000 (10.0.22000.1516)
OS uptime: 1 days 2:35 hours
Hyper-V role detected

CPU: total 8 (initial active 8) (4 cores per cpu, 2 threads per core) family 6 model 142 stepping 10 microcode 0xe0, cx8, cmov, fxsr, ht, mmx, 3dnowpref, sse, sse2, sse3, ssse3, sse4.1, sse4.2, popcnt, lzcnt, tsc, tscinvbit, avx, avx2, aes, erms, clmul, bmi1, bmi2, adx, fma, vzeroupper, clflush, clflushopt, hv

Memory: 4k page, system-wide physical 8101M (471M free)
TotalPageFile size 24418M (AvailPageFile size 89M)
current process WorkingSet (physical memory assigned to process): 10M, peak: 10M
current process commit charge ("private bytes"): 60M, peak: 188M

vm_info: OpenJDK 64-Bit Server VM (17.0.4+8-LTS) for windows-amd64 JRE (17.0.4+8-LTS), built on Jul 15 2022 17:12:09 by "Administrator" with MS VC++ 15.9 (VS2017)

END.
